e:\公司项目oem\ljhttp\ljhttp\debug\vc141.pdb
e:\公司项目oem\ljhttp\ljhttp\debug\vc141.idb
e:\公司项目oem\ljhttp\ljhttp\debug\pch.obj
e:\公司项目oem\ljhttp\ljhttp\debug\ljhttp.obj
e:\公司项目oem\ljhttp\ljhttp\debug\dllmain.obj
e:\公司项目oem\ljhttp\debug\ljhttp.dll
e:\公司项目oem\ljhttp\debug\ljhttp.ilk
e:\公司项目oem\ljhttp\debug\ljhttp.pdb
e:\公司项目oem\ljhttp\debug\ljhttp.lib
e:\公司项目oem\ljhttp\debug\ljhttp.exp
e:\公司项目oem\ljhttp\ljhttp\debug\ljcurl.obj
e:\公司项目oem\ljhttp\ljhttp\debug\ljhttp.tlog\cl.command.1.tlog
e:\公司项目oem\ljhttp\ljhttp\debug\ljhttp.tlog\cl.read.1.tlog
e:\公司项目oem\ljhttp\ljhttp\debug\ljhttp.tlog\cl.write.1.tlog
e:\公司项目oem\ljhttp\ljhttp\debug\ljhttp.tlog\link.10068.delete.1.tlog
e:\公司项目oem\ljhttp\ljhttp\debug\ljhttp.tlog\link.12148.delete.1.tlog
e:\公司项目oem\ljhttp\ljhttp\debug\ljhttp.tlog\link.18716.delete.1.tlog
e:\公司项目oem\ljhttp\ljhttp\debug\ljhttp.tlog\link.command.1.tlog
e:\公司项目oem\ljhttp\ljhttp\debug\ljhttp.tlog\link.delete.1.tlog
e:\公司项目oem\ljhttp\ljhttp\debug\ljhttp.tlog\link.read.1.tlog
e:\公司项目oem\ljhttp\ljhttp\debug\ljhttp.tlog\link.write.1.tlog
e:\公司项目oem\ljhttp\ljhttp\debug\ljhttp.tlog\ljhttp.write.1u.tlog
